<?xml version="1.0" encoding="UTF-8"?>
<TestRun id="5acaabd1-a624-4aab-9a63-2385241493e6" name="Martijn@VIDEA 2010-04-23 14:34:26" runUser="VIDEA\Martijn" xmlns="http://microsoft.com/schemas/VisualStudio/TeamTest/2010">
  <TestSettings name="Local" id="574e3ef2-6844-439c-a7cf-0f6b1f531c57">
    <Description>These are default test settings for a local test run.</Description>
    <Deployment enabled="false" runDeploymentRoot="Martijn_VIDEA 2010-04-23 14_34_26" />
    <Execution>
      <TestTypeSpecific />
      <AgentRule name="Execution Agents">
      </AgentRule>
    </Execution>
  </TestSettings>
  <Times creation="2010-04-23T14:34:26.1807798+02:00" queuing="2010-04-23T14:34:26.7058098+02:00" start="2010-04-23T14:34:27.0178276+02:00" finish="2010-04-23T14:34:27.8528754+02:00" />
  <ResultSummary outcome="Failed">
    <Counters total="18" executed="18" error="0" failed="3" timeout="0" aborted="0" inconclusive="15" passedButRunAborted="0" notRunnable="0" notExecuted="0" disconnected="0" warning="0" passed="0" completed="0" inProgress="0" pending="0" />
  </ResultSummary>
  <TestDefinitions>
    <UnitTest name="MemoryTest" storage="d:\public releases\blackrain\tester\bin\debug\tester.dll" id="c18504ee-2b8f-f305-acdb-e6b7853e734b">
      <Execution timeOut="1800000" id="99be7cfe-5e4e-4f11-942c-1902fa037c09" />
      <TestMethod codeBase="D:/Public Releases/BlackRain/Tester/bin/Debug/Tester.DLL" adapterTypeName="Microsoft.VisualStudio.TestTools.TestTypes.Unit.UnitTestAdapter, Microsoft.VisualStudio.QualityTools.Tips.UnitTest.Adapter, Version=10.0.0.0, Culture=neutral, PublicKeyToken=b03f5f7f11d50a3a" className="Tester.ObjectManagerTest, Tester, Version=1.0.0.0, Culture=neutral, PublicKeyToken=null" name="MemoryTest" />
    </UnitTest>
    <UnitTest name="CurrentManagerTest" storage="d:\public releases\blackrain\tester\bin\debug\tester.dll" id="0426e9c2-c100-0d20-cfc3-b4c25798082d">
      <Execution timeOut="1800000" id="ea25d95f-4aee-419b-9fab-40e394ae7d3e" />
      <TestMethod codeBase="D:/Public Releases/BlackRain/Tester/bin/Debug/Tester.DLL" adapterTypeName="Microsoft.VisualStudio.TestTools.TestTypes.Unit.UnitTestAdapter, Microsoft.VisualStudio.QualityTools.Tips.UnitTest.Adapter, Version=10.0.0.0, Culture=neutral, PublicKeyToken=b03f5f7f11d50a3a" className="Tester.ObjectManagerTest, Tester, Version=1.0.0.0, Culture=neutral, PublicKeyToken=null" name="CurrentManagerTest" />
    </UnitTest>
    <UnitTest name="MeTest1" storage="d:\public releases\blackrain\tester\bin\debug\tester.dll" id="4b074731-60f1-e20c-4922-2288fe9fd222">
      <Execution timeOut="1800000" id="779a059f-d602-403e-bfa6-d56a5027f6ec" />
      <DeploymentItems>
        <DeploymentItem filename="BlackRainObjects.dll" />
      </DeploymentItems>
      <TestMethod codeBase="D:/Public Releases/BlackRain/Tester/bin/Debug/Tester.DLL" adapterTypeName="Microsoft.VisualStudio.TestTools.TestTypes.Unit.UnitTestAdapter, Microsoft.VisualStudio.QualityTools.Tips.UnitTest.Adapter, Version=10.0.0.0, Culture=neutral, PublicKeyToken=b03f5f7f11d50a3a" className="Tester.ObjectManagerTest, Tester, Version=1.0.0.0, Culture=neutral, PublicKeyToken=null" name="MeTest1" />
    </UnitTest>
    <UnitTest name="LocalGUIDTest" storage="d:\public releases\blackrain\tester\bin\debug\tester.dll" id="9e400f24-5cd9-8671-2470-0e7e43e1a754">
      <Execution timeOut="1800000" id="962e621f-21fa-4db1-8228-73982b3d0937" />
      <TestMethod codeBase="D:/Public Releases/BlackRain/Tester/bin/Debug/Tester.DLL" adapterTypeName="Microsoft.VisualStudio.TestTools.TestTypes.Unit.UnitTestAdapter, Microsoft.VisualStudio.QualityTools.Tips.UnitTest.Adapter, Version=10.0.0.0, Culture=neutral, PublicKeyToken=b03f5f7f11d50a3a" className="Tester.ObjectManagerTest, Tester, Version=1.0.0.0, Culture=neutral, PublicKeyToken=null" name="LocalGUIDTest" />
    </UnitTest>
    <UnitTest name="CConnectionPointerTest" storage="d:\public releases\blackrain\tester\bin\debug\tester.dll" id="e90ecdf2-bba5-b040-4108-d8835c35726e">
      <Execution timeOut="1800000" id="f77d5a85-46d9-4fec-a439-3aae956a1970" />
      <DeploymentItems>
        <DeploymentItem filename="BlackRainObjects.dll" />
      </DeploymentItems>
      <TestMethod codeBase="D:/Public Releases/BlackRain/Tester/bin/Debug/Tester.DLL" adapterTypeName="Microsoft.VisualStudio.TestTools.TestTypes.Unit.UnitTestAdapter, Microsoft.VisualStudio.QualityTools.Tips.UnitTest.Adapter, Version=10.0.0.0, Culture=neutral, PublicKeyToken=b03f5f7f11d50a3a" className="Tester.ObjectManagerTest, Tester, Version=1.0.0.0, Culture=neutral, PublicKeyToken=null" name="CConnectionPointerTest" />
    </UnitTest>
    <UnitTest name="CConnectionTest" storage="d:\public releases\blackrain\tester\bin\debug\tester.dll" id="a13cb903-c90f-69a3-6364-9cfe519a6a74">
      <Execution timeOut="1800000" id="6fe3a68d-b5a3-4140-8346-e547a90bb449" />
      <DeploymentItems>
        <DeploymentItem filename="BlackRainObjects.dll" />
      </DeploymentItems>
      <TestMethod codeBase="D:/Public Releases/BlackRain/Tester/bin/Debug/Tester.DLL" adapterTypeName="Microsoft.VisualStudio.TestTools.TestTypes.Unit.UnitTestAdapter, Microsoft.VisualStudio.QualityTools.Tips.UnitTest.Adapter, Version=10.0.0.0, Culture=neutral, PublicKeyToken=b03f5f7f11d50a3a" className="Tester.ObjectManagerTest, Tester, Version=1.0.0.0, Culture=neutral, PublicKeyToken=null" name="CConnectionTest" />
    </UnitTest>
    <UnitTest name="PulseTest" storage="d:\public releases\blackrain\tester\bin\debug\tester.dll" id="4beb93f3-548f-a0b3-6033-a5f3efb646b8">
      <Execution timeOut="1800000" id="ca430331-dc62-4789-8e14-af4aa5025619" />
      <TestMethod codeBase="D:/Public Releases/BlackRain/Tester/bin/Debug/Tester.DLL" adapterTypeName="Microsoft.VisualStudio.TestTools.TestTypes.Unit.UnitTestAdapter, Microsoft.VisualStudio.QualityTools.Tips.UnitTest.Adapter, Version=10.0.0.0, Culture=neutral, PublicKeyToken=b03f5f7f11d50a3a" className="Tester.ObjectManagerTest, Tester, Version=1.0.0.0, Culture=neutral, PublicKeyToken=null" name="PulseTest" />
    </UnitTest>
    <UnitTest name="SuspendMainThreadTest" storage="d:\public releases\blackrain\tester\bin\debug\tester.dll" id="67b562e9-65e3-9195-b5b4-dd57bf87d0ba">
      <Execution timeOut="1800000" id="81de7268-a9e4-40a7-867f-859ff0c198a3" />
      <TestMethod codeBase="D:/Public Releases/BlackRain/Tester/bin/Debug/Tester.DLL" adapterTypeName="Microsoft.VisualStudio.TestTools.TestTypes.Unit.UnitTestAdapter, Microsoft.VisualStudio.QualityTools.Tips.UnitTest.Adapter, Version=10.0.0.0, Culture=neutral, PublicKeyToken=b03f5f7f11d50a3a" className="Tester.ObjectManagerTest, Tester, Version=1.0.0.0, Culture=neutral, PublicKeyToken=null" name="SuspendMainThreadTest" />
    </UnitTest>
    <UnitTest name="InitializeTest" storage="d:\public releases\blackrain\tester\bin\debug\tester.dll" id="d3b6478e-b0e7-3717-2dc4-596247c90026">
      <Execution timeOut="1800000" id="3e9be6a3-7ca6-4f8d-bfe9-659ffd03a037" />
      <TestMethod codeBase="D:/Public Releases/BlackRain/Tester/bin/Debug/Tester.DLL" adapterTypeName="Microsoft.VisualStudio.TestTools.TestTypes.Unit.UnitTestAdapter, Microsoft.VisualStudio.QualityTools.Tips.UnitTest.Adapter, Version=10.0.0.0, Culture=neutral, PublicKeyToken=b03f5f7f11d50a3a" className="Tester.ObjectManagerTest, Tester, Version=1.0.0.0, Culture=neutral, PublicKeyToken=null" name="InitializeTest" />
    </UnitTest>
    <UnitTest name="TLSPatternTest" storage="d:\public releases\blackrain\tester\bin\debug\tester.dll" id="b77d0700-268b-1ce1-9be4-ecabec1a5dfd">
      <Execution timeOut="1800000" id="8845bc59-764b-4fe3-9c6e-6a47b5d18d72" />
      <DeploymentItems>
        <DeploymentItem filename="BlackRainObjects.dll" />
      </DeploymentItems>
      <TestMethod codeBase="D:/Public Releases/BlackRain/Tester/bin/Debug/Tester.DLL" adapterTypeName="Microsoft.VisualStudio.TestTools.TestTypes.Unit.UnitTestAdapter, Microsoft.VisualStudio.QualityTools.Tips.UnitTest.Adapter, Version=10.0.0.0, Culture=neutral, PublicKeyToken=b03f5f7f11d50a3a" className="Tester.ObjectManagerTest, Tester, Version=1.0.0.0, Culture=neutral, PublicKeyToken=null" name="TLSPatternTest" />
    </UnitTest>
    <UnitTest name="InitializedTest" storage="d:\public releases\blackrain\tester\bin\debug\tester.dll" id="db1d0b3f-3e0e-1b7e-b50f-e3da6bf18baa">
      <Execution timeOut="1800000" id="704b9ae0-94fb-4134-b959-d194d9d04165" />
      <DeploymentItems>
        <DeploymentItem filename="BlackRainObjects.dll" />
      </DeploymentItems>
      <TestMethod codeBase="D:/Public Releases/BlackRain/Tester/bin/Debug/Tester.DLL" adapterTypeName="Microsoft.VisualStudio.TestTools.TestTypes.Unit.UnitTestAdapter, Microsoft.VisualStudio.QualityTools.Tips.UnitTest.Adapter, Version=10.0.0.0, Culture=neutral, PublicKeyToken=b03f5f7f11d50a3a" className="Tester.ObjectManagerTest, Tester, Version=1.0.0.0, Culture=neutral, PublicKeyToken=null" name="InitializedTest" />
    </UnitTest>
    <UnitTest name="WowHandleTest" storage="d:\public releases\blackrain\tester\bin\debug\tester.dll" id="233f61d4-60ef-dd78-1831-7052b6bfee35">
      <Execution timeOut="1800000" id="c8849bfc-18a8-4d71-8323-bec32807210c" />
      <TestMethod codeBase="D:/Public Releases/BlackRain/Tester/bin/Debug/Tester.DLL" adapterTypeName="Microsoft.VisualStudio.TestTools.TestTypes.Unit.UnitTestAdapter, Microsoft.VisualStudio.QualityTools.Tips.UnitTest.Adapter, Version=10.0.0.0, Culture=neutral, PublicKeyToken=b03f5f7f11d50a3a" className="Tester.ObjectManagerTest, Tester, Version=1.0.0.0, Culture=neutral, PublicKeyToken=null" name="WowHandleTest" />
    </UnitTest>
    <UnitTest name="ResumeMainThreadTest" storage="d:\public releases\blackrain\tester\bin\debug\tester.dll" id="db48fac3-a1fc-e63c-1ac8-3239dba6f43c">
      <Execution timeOut="1800000" id="23a80502-343a-4443-9a31-2d24feb2fae2" />
      <TestMethod codeBase="D:/Public Releases/BlackRain/Tester/bin/Debug/Tester.DLL" adapterTypeName="Microsoft.VisualStudio.TestTools.TestTypes.Unit.UnitTestAdapter, Microsoft.VisualStudio.QualityTools.Tips.UnitTest.Adapter, Version=10.0.0.0, Culture=neutral, PublicKeyToken=b03f5f7f11d50a3a" className="Tester.ObjectManagerTest, Tester, Version=1.0.0.0, Culture=neutral, PublicKeyToken=null" name="ResumeMainThreadTest" />
    </UnitTest>
    <UnitTest name="TLSMaskTest" storage="d:\public releases\blackrain\tester\bin\debug\tester.dll" id="746bca1d-5c7c-bf38-a1a5-a45d4b536bab">
      <Execution timeOut="1800000" id="e3f8139a-8be8-400a-94db-de6b52359082" />
      <DeploymentItems>
        <DeploymentItem filename="BlackRainObjects.dll" />
      </DeploymentItems>
      <TestMethod codeBase="D:/Public Releases/BlackRain/Tester/bin/Debug/Tester.DLL" adapterTypeName="Microsoft.VisualStudio.TestTools.TestTypes.Unit.UnitTestAdapter, Microsoft.VisualStudio.QualityTools.Tips.UnitTest.Adapter, Version=10.0.0.0, Culture=neutral, PublicKeyToken=b03f5f7f11d50a3a" className="Tester.ObjectManagerTest, Tester, Version=1.0.0.0, Culture=neutral, PublicKeyToken=null" name="TLSMaskTest" />
    </UnitTest>
    <UnitTest name="ThreadLocalStorageTest" storage="d:\public releases\blackrain\tester\bin\debug\tester.dll" id="a71828c2-8963-0d1a-57c6-8f86d289bcd4">
      <Execution timeOut="1800000" id="4012b9cc-b7b0-4a24-ab33-640879c5b66f" />
      <DeploymentItems>
        <DeploymentItem filename="BlackRainObjects.dll" />
      </DeploymentItems>
      <TestMethod codeBase="D:/Public Releases/BlackRain/Tester/bin/Debug/Tester.DLL" adapterTypeName="Microsoft.VisualStudio.TestTools.TestTypes.Unit.UnitTestAdapter, Microsoft.VisualStudio.QualityTools.Tips.UnitTest.Adapter, Version=10.0.0.0, Culture=neutral, PublicKeyToken=b03f5f7f11d50a3a" className="Tester.ObjectManagerTest, Tester, Version=1.0.0.0, Culture=neutral, PublicKeyToken=null" name="ThreadLocalStorageTest" />
    </UnitTest>
    <UnitTest name="CConnectionOffsetTest" storage="d:\public releases\blackrain\tester\bin\debug\tester.dll" id="21929fcc-5a08-9b20-4505-25b168b5fab7">
      <Execution timeOut="1800000" id="9576d831-39ce-44f3-9d0a-163d289f471e" />
      <DeploymentItems>
        <DeploymentItem filename="BlackRainObjects.dll" />
      </DeploymentItems>
      <TestMethod codeBase="D:/Public Releases/BlackRain/Tester/bin/Debug/Tester.DLL" adapterTypeName="Microsoft.VisualStudio.TestTools.TestTypes.Unit.UnitTestAdapter, Microsoft.VisualStudio.QualityTools.Tips.UnitTest.Adapter, Version=10.0.0.0, Culture=neutral, PublicKeyToken=b03f5f7f11d50a3a" className="Tester.ObjectManagerTest, Tester, Version=1.0.0.0, Culture=neutral, PublicKeyToken=null" name="CConnectionOffsetTest" />
    </UnitTest>
    <UnitTest name="GetMainThreadTest" storage="d:\public releases\blackrain\tester\bin\debug\tester.dll" id="2d639279-12bb-b305-b2ea-e2f34e833da3">
      <Execution timeOut="1800000" id="e079eac9-664f-416e-b703-046e5f03141c" />
      <TestMethod codeBase="D:/Public Releases/BlackRain/Tester/bin/Debug/Tester.DLL" adapterTypeName="Microsoft.VisualStudio.TestTools.TestTypes.Unit.UnitTestAdapter, Microsoft.VisualStudio.QualityTools.Tips.UnitTest.Adapter, Version=10.0.0.0, Culture=neutral, PublicKeyToken=b03f5f7f11d50a3a" className="Tester.ObjectManagerTest, Tester, Version=1.0.0.0, Culture=neutral, PublicKeyToken=null" name="GetMainThreadTest" />
    </UnitTest>
    <UnitTest name="MeTest" storage="d:\public releases\blackrain\tester\bin\debug\tester.dll" id="1fa77841-ef47-1224-69e5-6dc6ca9f0431">
      <Execution timeOut="1800000" id="7c6fdb37-1909-4ea5-821f-eda684154ec5" />
      <DeploymentItems>
        <DeploymentItem filename="BlackRainObjects.dll" />
      </DeploymentItems>
      <TestMethod codeBase="D:/Public Releases/BlackRain/Tester/bin/Debug/Tester.DLL" adapterTypeName="Microsoft.VisualStudio.TestTools.TestTypes.Unit.UnitTestAdapter, Microsoft.VisualStudio.QualityTools.Tips.UnitTest.Adapter, Version=10.0.0.0, Culture=neutral, PublicKeyToken=b03f5f7f11d50a3a" className="Tester.ObjectManagerTest, Tester, Version=1.0.0.0, Culture=neutral, PublicKeyToken=null" name="MeTest" />
    </UnitTest>
  </TestDefinitions>
  <TestLists>
    <TestList name="Results Not in a List" id="8c84fa94-04c1-424b-9868-57a2d4851a1d" />
    <TestList name="All Loaded Results" id="19431567-8539-422a-85d7-44ee4e166bda" />
  </TestLists>
  <TestEntries>
    <TestEntry testId="21929fcc-5a08-9b20-4505-25b168b5fab7" executionId="9576d831-39ce-44f3-9d0a-163d289f471e" testListId="8c84fa94-04c1-424b-9868-57a2d4851a1d" />
    <TestEntry testId="e90ecdf2-bba5-b040-4108-d8835c35726e" executionId="f77d5a85-46d9-4fec-a439-3aae956a1970" testListId="8c84fa94-04c1-424b-9868-57a2d4851a1d" />
    <TestEntry testId="a13cb903-c90f-69a3-6364-9cfe519a6a74" executionId="6fe3a68d-b5a3-4140-8346-e547a90bb449" testListId="8c84fa94-04c1-424b-9868-57a2d4851a1d" />
    <TestEntry testId="0426e9c2-c100-0d20-cfc3-b4c25798082d" executionId="ea25d95f-4aee-419b-9fab-40e394ae7d3e" testListId="8c84fa94-04c1-424b-9868-57a2d4851a1d" />
    <TestEntry testId="2d639279-12bb-b305-b2ea-e2f34e833da3" executionId="e079eac9-664f-416e-b703-046e5f03141c" testListId="8c84fa94-04c1-424b-9868-57a2d4851a1d" />
    <TestEntry testId="db1d0b3f-3e0e-1b7e-b50f-e3da6bf18baa" executionId="704b9ae0-94fb-4134-b959-d194d9d04165" testListId="8c84fa94-04c1-424b-9868-57a2d4851a1d" />
    <TestEntry testId="d3b6478e-b0e7-3717-2dc4-596247c90026" executionId="3e9be6a3-7ca6-4f8d-bfe9-659ffd03a037" testListId="8c84fa94-04c1-424b-9868-57a2d4851a1d" />
    <TestEntry testId="9e400f24-5cd9-8671-2470-0e7e43e1a754" executionId="962e621f-21fa-4db1-8228-73982b3d0937" testListId="8c84fa94-04c1-424b-9868-57a2d4851a1d" />
    <TestEntry testId="c18504ee-2b8f-f305-acdb-e6b7853e734b" executionId="99be7cfe-5e4e-4f11-942c-1902fa037c09" testListId="8c84fa94-04c1-424b-9868-57a2d4851a1d" />
    <TestEntry testId="1fa77841-ef47-1224-69e5-6dc6ca9f0431" executionId="7c6fdb37-1909-4ea5-821f-eda684154ec5" testListId="8c84fa94-04c1-424b-9868-57a2d4851a1d" />
    <TestEntry testId="4b074731-60f1-e20c-4922-2288fe9fd222" executionId="779a059f-d602-403e-bfa6-d56a5027f6ec" testListId="8c84fa94-04c1-424b-9868-57a2d4851a1d" />
    <TestEntry testId="4beb93f3-548f-a0b3-6033-a5f3efb646b8" executionId="ca430331-dc62-4789-8e14-af4aa5025619" testListId="8c84fa94-04c1-424b-9868-57a2d4851a1d" />
    <TestEntry testId="db48fac3-a1fc-e63c-1ac8-3239dba6f43c" executionId="23a80502-343a-4443-9a31-2d24feb2fae2" testListId="8c84fa94-04c1-424b-9868-57a2d4851a1d" />
    <TestEntry testId="67b562e9-65e3-9195-b5b4-dd57bf87d0ba" executionId="81de7268-a9e4-40a7-867f-859ff0c198a3" testListId="8c84fa94-04c1-424b-9868-57a2d4851a1d" />
    <TestEntry testId="a71828c2-8963-0d1a-57c6-8f86d289bcd4" executionId="4012b9cc-b7b0-4a24-ab33-640879c5b66f" testListId="8c84fa94-04c1-424b-9868-57a2d4851a1d" />
    <TestEntry testId="746bca1d-5c7c-bf38-a1a5-a45d4b536bab" executionId="e3f8139a-8be8-400a-94db-de6b52359082" testListId="8c84fa94-04c1-424b-9868-57a2d4851a1d" />
    <TestEntry testId="b77d0700-268b-1ce1-9be4-ecabec1a5dfd" executionId="8845bc59-764b-4fe3-9c6e-6a47b5d18d72" testListId="8c84fa94-04c1-424b-9868-57a2d4851a1d" />
    <TestEntry testId="233f61d4-60ef-dd78-1831-7052b6bfee35" executionId="c8849bfc-18a8-4d71-8323-bec32807210c" testListId="8c84fa94-04c1-424b-9868-57a2d4851a1d" />
  </TestEntries>
  <Results>
    <UnitTestResult executionId="9576d831-39ce-44f3-9d0a-163d289f471e" testId="21929fcc-5a08-9b20-4505-25b168b5fab7" testName="CConnectionOffsetTest" computerName="VIDEA" duration="00:00:00.3070423" startTime="2010-04-23T14:34:27.0878316+02:00" endTime="2010-04-23T14:34:27.4498523+02:00" testType="13cdc9d9-ddb5-4fa4-a97d-d965ccfc6d4b" outcome="Inconclusive" testListId="8c84fa94-04c1-424b-9868-57a2d4851a1d" relativeResultsDirectory="9576d831-39ce-44f3-9d0a-163d289f471e">
      <Output>
        <ErrorInfo>
          <Message>Assert.Inconclusive failed. Verify the correctness of this test method.</Message>
          <StackTrace>   at Tester.ObjectManagerTest.CConnectionOffsetTest() in D:\Public Releases\BlackRain\Tester\ObjectManagerTest.cs:line 167
</StackTrace>
        </ErrorInfo>
      </Output>
    </UnitTestResult>
    <UnitTestResult executionId="f77d5a85-46d9-4fec-a439-3aae956a1970" testId="e90ecdf2-bba5-b040-4108-d8835c35726e" testName="CConnectionPointerTest" computerName="VIDEA" duration="00:00:00.0020501" startTime="2010-04-23T14:34:27.4518525+02:00" endTime="2010-04-23T14:34:27.4548526+02:00" testType="13cdc9d9-ddb5-4fa4-a97d-d965ccfc6d4b" outcome="Inconclusive" testListId="8c84fa94-04c1-424b-9868-57a2d4851a1d" relativeResultsDirectory="f77d5a85-46d9-4fec-a439-3aae956a1970">
      <Output>
        <ErrorInfo>
          <Message>Assert.Inconclusive failed. Verify the correctness of this test method.</Message>
          <StackTrace>   at Tester.ObjectManagerTest.CConnectionPointerTest() in D:\Public Releases\BlackRain\Tester\ObjectManagerTest.cs:line 182
</StackTrace>
        </ErrorInfo>
      </Output>
    </UnitTestResult>
    <UnitTestResult executionId="6fe3a68d-b5a3-4140-8346-e547a90bb449" testId="a13cb903-c90f-69a3-6364-9cfe519a6a74" testName="CConnectionTest" computerName="VIDEA" duration="00:00:00.0010470" startTime="2010-04-23T14:34:27.4568527+02:00" endTime="2010-04-23T14:34:27.4588529+02:00" testType="13cdc9d9-ddb5-4fa4-a97d-d965ccfc6d4b" outcome="Inconclusive" testListId="8c84fa94-04c1-424b-9868-57a2d4851a1d" relativeResultsDirectory="6fe3a68d-b5a3-4140-8346-e547a90bb449">
      <Output>
        <ErrorInfo>
          <Message>Assert.Inconclusive failed. Verify the correctness of this test method.</Message>
          <StackTrace>   at Tester.ObjectManagerTest.CConnectionTest() in D:\Public Releases\BlackRain\Tester\ObjectManagerTest.cs:line 152
</StackTrace>
        </ErrorInfo>
      </Output>
    </UnitTestResult>
    <UnitTestResult executionId="ea25d95f-4aee-419b-9fab-40e394ae7d3e" testId="0426e9c2-c100-0d20-cfc3-b4c25798082d" testName="CurrentManagerTest" computerName="VIDEA" duration="00:00:00.0005818" startTime="2010-04-23T14:34:27.4588529+02:00" endTime="2010-04-23T14:34:27.4608530+02:00" testType="13cdc9d9-ddb5-4fa4-a97d-d965ccfc6d4b" outcome="Inconclusive" testListId="8c84fa94-04c1-424b-9868-57a2d4851a1d" relativeResultsDirectory="ea25d95f-4aee-419b-9fab-40e394ae7d3e">
      <Output>
        <ErrorInfo>
          <Message>Assert.Inconclusive failed. Verify the correctness of this test method.</Message>
          <StackTrace>   at Tester.ObjectManagerTest.CurrentManagerTest() in D:\Public Releases\BlackRain\Tester\ObjectManagerTest.cs:line 196
</StackTrace>
        </ErrorInfo>
      </Output>
    </UnitTestResult>
    <UnitTestResult executionId="e079eac9-664f-416e-b703-046e5f03141c" testId="2d639279-12bb-b305-b2ea-e2f34e833da3" testName="GetMainThreadTest" computerName="VIDEA" duration="00:00:00.0565837" startTime="2010-04-23T14:34:27.4628531+02:00" endTime="2010-04-23T14:34:27.5198563+02:00" testType="13cdc9d9-ddb5-4fa4-a97d-d965ccfc6d4b" outcome="Failed" testListId="8c84fa94-04c1-424b-9868-57a2d4851a1d" relativeResultsDirectory="e079eac9-664f-416e-b703-046e5f03141c">
      <Output>
        <ErrorInfo>
          <Message>Test method Tester.ObjectManagerTest.GetMainThreadTest threw exception: 
System.NullReferenceException: Object reference not set to an instance of an object.</Message>
          <StackTrace>    at BlackRain.Common.Objects.ObjectManager.GetMainThread(Int32 pid) in D:\Public Releases\BlackRain\BlackRain\Common\Objects\ObjectManager.cs:line 154
   at Tester.ObjectManagerTest.GetMainThreadTest() in D:\Public Releases\BlackRain\Tester\ObjectManagerTest.cs:line 92
</StackTrace>
        </ErrorInfo>
      </Output>
    </UnitTestResult>
    <UnitTestResult executionId="704b9ae0-94fb-4134-b959-d194d9d04165" testId="db1d0b3f-3e0e-1b7e-b50f-e3da6bf18baa" testName="InitializedTest" computerName="VIDEA" duration="00:00:00.0022862" startTime="2010-04-23T14:34:27.5208564+02:00" endTime="2010-04-23T14:34:27.5238566+02:00" testType="13cdc9d9-ddb5-4fa4-a97d-d965ccfc6d4b" outcome="Inconclusive" testListId="8c84fa94-04c1-424b-9868-57a2d4851a1d" relativeResultsDirectory="704b9ae0-94fb-4134-b959-d194d9d04165">
      <Output>
        <ErrorInfo>
          <Message>Assert.Inconclusive failed. Verify the correctness of this test method.</Message>
          <StackTrace>   at Tester.ObjectManagerTest.InitializedTest() in D:\Public Releases\BlackRain\Tester\ObjectManagerTest.cs:line 211
</StackTrace>
        </ErrorInfo>
      </Output>
    </UnitTestResult>
    <UnitTestResult executionId="3e9be6a3-7ca6-4f8d-bfe9-659ffd03a037" testId="d3b6478e-b0e7-3717-2dc4-596247c90026" testName="InitializeTest" computerName="VIDEA" duration="00:00:00.1876649" startTime="2010-04-23T14:34:27.5308570+02:00" endTime="2010-04-23T14:34:27.7188677+02:00" testType="13cdc9d9-ddb5-4fa4-a97d-d965ccfc6d4b" outcome="Inconclusive" testListId="8c84fa94-04c1-424b-9868-57a2d4851a1d" relativeResultsDirectory="3e9be6a3-7ca6-4f8d-bfe9-659ffd03a037">
      <Output>
        <ErrorInfo>
          <Message>Assert.Inconclusive failed. A method that does not return a value cannot be verified.</Message>
          <StackTrace>   at Tester.ObjectManagerTest.InitializeTest() in D:\Public Releases\BlackRain\Tester\ObjectManagerTest.cs:line 105
</StackTrace>
        </ErrorInfo>
      </Output>
    </UnitTestResult>
    <UnitTestResult executionId="962e621f-21fa-4db1-8228-73982b3d0937" testId="9e400f24-5cd9-8671-2470-0e7e43e1a754" testName="LocalGUIDTest" computerName="VIDEA" duration="00:00:00.0016567" startTime="2010-04-23T14:34:27.7198678+02:00" endTime="2010-04-23T14:34:27.7218679+02:00" testType="13cdc9d9-ddb5-4fa4-a97d-d965ccfc6d4b" outcome="Inconclusive" testListId="8c84fa94-04c1-424b-9868-57a2d4851a1d" relativeResultsDirectory="962e621f-21fa-4db1-8228-73982b3d0937">
      <Output>
        <ErrorInfo>
          <Message>Assert.Inconclusive failed. Verify the correctness of this test method.</Message>
          <StackTrace>   at Tester.ObjectManagerTest.LocalGUIDTest() in D:\Public Releases\BlackRain\Tester\ObjectManagerTest.cs:line 225
</StackTrace>
        </ErrorInfo>
      </Output>
    </UnitTestResult>
    <UnitTestResult executionId="99be7cfe-5e4e-4f11-942c-1902fa037c09" testId="c18504ee-2b8f-f305-acdb-e6b7853e734b" testName="MemoryTest" computerName="VIDEA" duration="00:00:00.0017051" startTime="2010-04-23T14:34:27.7248681+02:00" endTime="2010-04-23T14:34:27.7268682+02:00" testType="13cdc9d9-ddb5-4fa4-a97d-d965ccfc6d4b" outcome="Inconclusive" testListId="8c84fa94-04c1-424b-9868-57a2d4851a1d" relativeResultsDirectory="99be7cfe-5e4e-4f11-942c-1902fa037c09">
      <Output>
        <ErrorInfo>
          <Message>Assert.Inconclusive failed. Verify the correctness of this test method.</Message>
          <StackTrace>   at Tester.ObjectManagerTest.MemoryTest() in D:\Public Releases\BlackRain\Tester\ObjectManagerTest.cs:line 254
</StackTrace>
        </ErrorInfo>
      </Output>
    </UnitTestResult>
    <UnitTestResult executionId="7c6fdb37-1909-4ea5-821f-eda684154ec5" testId="1fa77841-ef47-1224-69e5-6dc6ca9f0431" testName="MeTest" computerName="VIDEA" duration="00:00:00.0011350" startTime="2010-04-23T14:34:27.7278682+02:00" endTime="2010-04-23T14:34:27.7288683+02:00" testType="13cdc9d9-ddb5-4fa4-a97d-d965ccfc6d4b" outcome="Inconclusive" testListId="8c84fa94-04c1-424b-9868-57a2d4851a1d" relativeResultsDirectory="7c6fdb37-1909-4ea5-821f-eda684154ec5">
      <Output>
        <ErrorInfo>
          <Message>Assert.Inconclusive failed. Verify the correctness of this test method.</Message>
          <StackTrace>   at Tester.ObjectManagerTest.MeTest() in D:\Public Releases\BlackRain\Tester\ObjectManagerTest.cs:line 80
</StackTrace>
        </ErrorInfo>
      </Output>
    </UnitTestResult>
    <UnitTestResult executionId="779a059f-d602-403e-bfa6-d56a5027f6ec" testId="4b074731-60f1-e20c-4922-2288fe9fd222" testName="MeTest1" computerName="VIDEA" duration="00:00:00.0006925" startTime="2010-04-23T14:34:27.7438692+02:00" endTime="2010-04-23T14:34:27.7448692+02:00" testType="13cdc9d9-ddb5-4fa4-a97d-d965ccfc6d4b" outcome="Inconclusive" testListId="8c84fa94-04c1-424b-9868-57a2d4851a1d" relativeResultsDirectory="779a059f-d602-403e-bfa6-d56a5027f6ec">
      <Output>
        <ErrorInfo>
          <Message>Assert.Inconclusive failed. Verify the correctness of this test method.</Message>
          <StackTrace>   at Tester.ObjectManagerTest.MeTest1() in D:\Public Releases\BlackRain\Tester\ObjectManagerTest.cs:line 240
</StackTrace>
        </ErrorInfo>
      </Output>
    </UnitTestResult>
    <UnitTestResult executionId="ca430331-dc62-4789-8e14-af4aa5025619" testId="4beb93f3-548f-a0b3-6033-a5f3efb646b8" testName="PulseTest" computerName="VIDEA" duration="00:00:00.0017022" startTime="2010-04-23T14:34:27.7458693+02:00" endTime="2010-04-23T14:34:27.7488694+02:00" testType="13cdc9d9-ddb5-4fa4-a97d-d965ccfc6d4b" outcome="Inconclusive" testListId="8c84fa94-04c1-424b-9868-57a2d4851a1d" relativeResultsDirectory="ca430331-dc62-4789-8e14-af4aa5025619">
      <Output>
        <ErrorInfo>
          <Message>Assert.Inconclusive failed. A method that does not return a value cannot be verified.</Message>
          <StackTrace>   at Tester.ObjectManagerTest.PulseTest() in D:\Public Releases\BlackRain\Tester\ObjectManagerTest.cs:line 115
</StackTrace>
        </ErrorInfo>
      </Output>
    </UnitTestResult>
    <UnitTestResult executionId="23a80502-343a-4443-9a31-2d24feb2fae2" testId="db48fac3-a1fc-e63c-1ac8-3239dba6f43c" testName="ResumeMainThreadTest" computerName="VIDEA" duration="00:00:00.0008513" startTime="2010-04-23T14:34:27.7538697+02:00" endTime="2010-04-23T14:34:27.7548698+02:00" testType="13cdc9d9-ddb5-4fa4-a97d-d965ccfc6d4b" outcome="Failed" testListId="8c84fa94-04c1-424b-9868-57a2d4851a1d" relativeResultsDirectory="23a80502-343a-4443-9a31-2d24feb2fae2">
      <Output>
        <ErrorInfo>
          <Message>Test method Tester.ObjectManagerTest.ResumeMainThreadTest threw exception: 
System.NullReferenceException: Object reference not set to an instance of an object.</Message>
          <StackTrace>    at BlackRain.Common.Objects.ObjectManager.ResumeMainThread(Int32 pid) in D:\Public Releases\BlackRain\BlackRain\Common\Objects\ObjectManager.cs:line 141
   at Tester.ObjectManagerTest.ResumeMainThreadTest() in D:\Public Releases\BlackRain\Tester\ObjectManagerTest.cs:line 125
</StackTrace>
        </ErrorInfo>
      </Output>
    </UnitTestResult>
    <UnitTestResult executionId="81de7268-a9e4-40a7-867f-859ff0c198a3" testId="67b562e9-65e3-9195-b5b4-dd57bf87d0ba" testName="SuspendMainThreadTest" computerName="VIDEA" duration="00:00:00.0006764" startTime="2010-04-23T14:34:27.7558698+02:00" endTime="2010-04-23T14:34:27.7568699+02:00" testType="13cdc9d9-ddb5-4fa4-a97d-d965ccfc6d4b" outcome="Failed" testListId="8c84fa94-04c1-424b-9868-57a2d4851a1d" relativeResultsDirectory="81de7268-a9e4-40a7-867f-859ff0c198a3">
      <Output>
        <ErrorInfo>
          <Message>Test method Tester.ObjectManagerTest.SuspendMainThreadTest threw exception: 
System.NullReferenceException: Object reference not set to an instance of an object.</Message>
          <StackTrace>    at BlackRain.Common.Objects.ObjectManager.SuspendMainThread(Int32 pid) in D:\Public Releases\BlackRain\BlackRain\Common\Objects\ObjectManager.cs:line 130
   at Tester.ObjectManagerTest.SuspendMainThreadTest() in D:\Public Releases\BlackRain\Tester\ObjectManagerTest.cs:line 136
</StackTrace>
        </ErrorInfo>
      </Output>
    </UnitTestResult>
    <UnitTestResult executionId="4012b9cc-b7b0-4a24-ab33-640879c5b66f" testId="a71828c2-8963-0d1a-57c6-8f86d289bcd4" testName="ThreadLocalStorageTest" computerName="VIDEA" duration="00:00:00.0011794" startTime="2010-04-23T14:34:27.7678705+02:00" endTime="2010-04-23T14:34:27.7688706+02:00" testType="13cdc9d9-ddb5-4fa4-a97d-d965ccfc6d4b" outcome="Inconclusive" testListId="8c84fa94-04c1-424b-9868-57a2d4851a1d" relativeResultsDirectory="4012b9cc-b7b0-4a24-ab33-640879c5b66f">
      <Output>
        <ErrorInfo>
          <Message>Assert.Inconclusive failed. Verify the correctness of this test method.</Message>
          <StackTrace>   at Tester.ObjectManagerTest.ThreadLocalStorageTest() in D:\Public Releases\BlackRain\Tester\ObjectManagerTest.cs:line 293
</StackTrace>
        </ErrorInfo>
      </Output>
    </UnitTestResult>
    <UnitTestResult executionId="e3f8139a-8be8-400a-94db-de6b52359082" testId="746bca1d-5c7c-bf38-a1a5-a45d4b536bab" testName="TLSMaskTest" computerName="VIDEA" duration="00:00:00.0007629" startTime="2010-04-23T14:34:27.7698706+02:00" endTime="2010-04-23T14:34:27.7728708+02:00" testType="13cdc9d9-ddb5-4fa4-a97d-d965ccfc6d4b" outcome="Inconclusive" testListId="8c84fa94-04c1-424b-9868-57a2d4851a1d" relativeResultsDirectory="e3f8139a-8be8-400a-94db-de6b52359082">
      <Output>
        <ErrorInfo>
          <Message>Assert.Inconclusive failed. Verify the correctness of this test method.</Message>
          <StackTrace>   at Tester.ObjectManagerTest.TLSMaskTest() in D:\Public Releases\BlackRain\Tester\ObjectManagerTest.cs:line 266
</StackTrace>
        </ErrorInfo>
      </Output>
    </UnitTestResult>
    <UnitTestResult executionId="8845bc59-764b-4fe3-9c6e-6a47b5d18d72" testId="b77d0700-268b-1ce1-9be4-ecabec1a5dfd" testName="TLSPatternTest" computerName="VIDEA" duration="00:00:00.0009510" startTime="2010-04-23T14:34:27.7768710+02:00" endTime="2010-04-23T14:34:27.7778711+02:00" testType="13cdc9d9-ddb5-4fa4-a97d-d965ccfc6d4b" outcome="Inconclusive" testListId="8c84fa94-04c1-424b-9868-57a2d4851a1d" relativeResultsDirectory="8845bc59-764b-4fe3-9c6e-6a47b5d18d72">
      <Output>
        <ErrorInfo>
          <Message>Assert.Inconclusive failed. Verify the correctness of this test method.</Message>
          <StackTrace>   at Tester.ObjectManagerTest.TLSPatternTest() in D:\Public Releases\BlackRain\Tester\ObjectManagerTest.cs:line 278
</StackTrace>
        </ErrorInfo>
      </Output>
    </UnitTestResult>
    <UnitTestResult executionId="c8849bfc-18a8-4d71-8323-bec32807210c" testId="233f61d4-60ef-dd78-1831-7052b6bfee35" testName="WowHandleTest" computerName="VIDEA" duration="00:00:00.0021458" startTime="2010-04-23T14:34:27.7788712+02:00" endTime="2010-04-23T14:34:27.7818713+02:00" testType="13cdc9d9-ddb5-4fa4-a97d-d965ccfc6d4b" outcome="Inconclusive" testListId="8c84fa94-04c1-424b-9868-57a2d4851a1d" relativeResultsDirectory="c8849bfc-18a8-4d71-8323-bec32807210c">
      <Output>
        <ErrorInfo>
          <Message>Assert.Inconclusive failed. Verify the correctness of this test method.</Message>
          <StackTrace>   at Tester.ObjectManagerTest.WowHandleTest() in D:\Public Releases\BlackRain\Tester\ObjectManagerTest.cs:line 307
</StackTrace>
        </ErrorInfo>
      </Output>
    </UnitTestResult>
  </Results>
</TestRun>